<?xml version="1.0" encoding="UTF-8"?>
<!-- Generated by org.testng.reporters.JUnitXMLReporter -->
<testsuite ignored="1" hostname="LAPTOP-4567RR60" failures="0" tests="2" name="Go Rest API Test-GetUser" time="9.082" errors="0" timestamp="2025-06-15T11:26:18 IST">
  <testcase classname="com.qa.api.gorest.tests.getUserTest" name="getAllUsersTest" time="6.761"/>
  <testcase classname="com.qa.api.gorest.tests.getUserTest" name="getAllUsersWithQueryParamTest" time="1.322"/>
  <testcase classname="com.qa.api.gorest.tests.getUserTest" name="getSingleUserTest" time="0.0">
    <ignored/>
  </testcase> <!-- getSingleUserTest -->
</testsuite> <!-- Go Rest API Test-GetUser -->
