<?xml version="1.0" encoding="UTF-8"?>
<!-- Generated by org.testng.reporters.JUnitXMLReporter -->
<testsuite ignored="2" hostname="LAPTOP-4567RR60" failures="0" tests="1" name="Go Rest API Test-CreateUser" time="4.32" errors="0" timestamp="2025-06-15T11:26:22 IST">
  <testcase classname="com.qa.api.gorest.tests.createUserTest" name="createAUserTest" time="4.281"/>
  <testcase classname="com.qa.api.gorest.tests.createUserTest" name="createAUserTestWithJsonString" time="0.0">
    <ignored/>
  </testcase> <!-- createAUserTestWithJsonString -->
  <testcase classname="com.qa.api.gorest.tests.createUserTest" name="createAUserTestWithJsonfile" time="0.0">
    <ignored/>
  </testcase> <!-- createAUserTestWithJsonfile -->
</testsuite> <!-- Go Rest API Test-CreateUser -->
